Elapsed time is 253.930798 seconds.
         39608741 function calls (39475136 primitive calls) in 253.931 seconds

   Ordered by: standard name

   ncalls  tottime  percall  cumtime  percall filename:lineno(function)
        3    0.000    0.000    0.000    0.000 <frozen importlib._bootstrap>:119(release)
        3    0.000    0.000    0.000    0.000 <frozen importlib._bootstrap>:159(__init__)
        3    0.000    0.000    0.000    0.000 <frozen importlib._bootstrap>:163(__enter__)
        3    0.000    0.000    0.000    0.000 <frozen importlib._bootstrap>:170(__exit__)
        3    0.000    0.000    0.000    0.000 <frozen importlib._bootstrap>:176(_get_module_lock)
        3    0.000    0.000    0.000    0.000 <frozen importlib._bootstrap>:190(cb)
        6    0.000    0.000    0.000    0.000 <frozen importlib._bootstrap>:214(_call_with_frames_removed)
        3    0.000    0.000    0.000    0.000 <frozen importlib._bootstrap>:225(_verbose_message)
        2    0.000    0.000    0.000    0.000 <frozen importlib._bootstrap>:235(_requires_builtin_wrapper)
        3    0.000    0.000    0.000    0.000 <frozen importlib._bootstrap>:310(__init__)
        3    0.000    0.000    0.000    0.000 <frozen importlib._bootstrap>:314(__enter__)
        3    0.000    0.000    0.000    0.000 <frozen importlib._bootstrap>:321(__exit__)
       12    0.000    0.000    0.000    0.000 <frozen importlib._bootstrap>:324(<genexpr>)
        3    0.000    0.000    0.000    0.000 <frozen importlib._bootstrap>:372(__init__)
        1    0.000    0.000    0.000    0.000 <frozen importlib._bootstrap>:406(cached)
        3    0.000    0.000    0.000    0.000 <frozen importlib._bootstrap>:419(parent)
        3    0.000    0.000    0.000    0.000 <frozen importlib._bootstrap>:427(has_location)
        2    0.000    0.000    0.000    0.000 <frozen importlib._bootstrap>:436(spec_from_loader)
        3    0.000    0.000    0.000    0.000 <frozen importlib._bootstrap>:510(_init_module_attrs)
        3    0.000    0.000    0.000    0.000 <frozen importlib._bootstrap>:570(module_from_spec)
        3    0.000    0.000    0.000    0.000 <frozen importlib._bootstrap>:659(_load_unlocked)
        3    0.000    0.000    0.000    0.000 <frozen importlib._bootstrap>:716(find_spec)
        2    0.000    0.000    0.000    0.000 <frozen importlib._bootstrap>:737(create_module)
        3    0.000    0.000    0.000    0.000 <frozen importlib._bootstrap>:74(__init__)
        2    0.000    0.000    0.000    0.000 <frozen importlib._bootstrap>:745(exec_module)
        2    0.000    0.000    0.000    0.000 <frozen importlib._bootstrap>:762(is_package)
        1    0.000    0.000    0.000    0.000 <frozen importlib._bootstrap>:789(find_spec)
        5    0.000    0.000    0.000    0.000 <frozen importlib._bootstrap>:852(__enter__)
        5    0.000    0.000    0.000    0.000 <frozen importlib._bootstrap>:856(__exit__)
        3    0.000    0.000    0.000    0.000 <frozen importlib._bootstrap>:879(_find_spec)
        3    0.000    0.000    0.001    0.000 <frozen importlib._bootstrap>:939(_find_and_load_unlocked)
        3    0.000    0.000    0.000    0.000 <frozen importlib._bootstrap>:94(acquire)
        3    0.000    0.000    0.001    0.000 <frozen importlib._bootstrap>:966(_find_and_load)
        4    0.000    0.000    0.000    0.000 <frozen importlib._bootstrap>:996(_handle_fromlist)
        5    0.000    0.000    0.000    0.000 <frozen importlib._bootstrap_external>:1064(_path_importer_cache)
        1    0.000    0.000    0.000    0.000 <frozen importlib._bootstrap_external>:1101(_get_spec)
        1    0.000    0.000    0.000    0.000 <frozen importlib._bootstrap_external>:1133(find_spec)
        1    0.000    0.000    0.000    0.000 <frozen importlib._bootstrap_external>:1210(_get_spec)
        4    0.000    0.000    0.000    0.000 <frozen importlib._bootstrap_external>:1215(find_spec)
        4    0.000    0.000    0.000    0.000 <frozen importlib._bootstrap_external>:34(_relax_case)
        1    0.000    0.000    0.000    0.000 <frozen importlib._bootstrap_external>:342(_get_cached)
       18    0.000    0.000    0.000    0.000 <frozen importlib._bootstrap_external>:366(_verbose_message)
       16    0.000    0.000    0.000    0.000 <frozen importlib._bootstrap_external>:50(_path_join)
        1    0.000    0.000    0.000    0.000 <frozen importlib._bootstrap_external>:513(spec_from_file_location)
       16    0.000    0.000    0.000    0.000 <frozen importlib._bootstrap_external>:52(<listcomp>)
        5    0.000    0.000    0.000    0.000 <frozen importlib._bootstrap_external>:68(_path_stat)
        1    0.000    0.000    0.000    0.000 <frozen importlib._bootstrap_external>:78(_path_is_mode_type)
        1    0.000    0.000    0.000    0.000 <frozen importlib._bootstrap_external>:87(_path_isfile)
        1    0.000    0.000    0.000    0.000 <frozen importlib._bootstrap_external>:892(__init__)
        1    0.000    0.000    0.000    0.000 <frozen importlib._bootstrap_external>:903(create_module)
        1    0.000    0.000    0.000    0.000 <frozen importlib._bootstrap_external>:911(exec_module)
        1    0.000    0.000  253.931  253.931 <string>:1(<module>)
       19    0.000    0.000    0.000    0.000 <string>:12(__new__)
        9    0.000    0.000    0.000    0.000 __init__.py:1039(emit)
        9    0.000    0.000    0.000    0.000 __init__.py:118(getLevelName)
        9    0.000    0.000    0.001    0.000 __init__.py:1269(info)
        9    0.000    0.000    0.000    0.000 __init__.py:1347(findCaller)
        9    0.000    0.000    0.000    0.000 __init__.py:1377(makeRecord)
        9    0.000    0.000    0.001    0.000 __init__.py:1392(_log)
        9    0.000    0.000    0.001    0.000 __init__.py:1417(handle)
        9    0.000    0.000    0.001    0.000 __init__.py:1471(callHandlers)
        9    0.000    0.000    0.000    0.000 __init__.py:149(<lambda>)
        9    0.000    0.000    0.000    0.000 __init__.py:1501(getEffectiveLevel)
        9    0.000    0.000    0.000    0.000 __init__.py:1515(isEnabledFor)
       18    0.000    0.000    0.000    0.000 __init__.py:199(format)
        9    0.000    0.000    0.000    0.000 __init__.py:243(__init__)
       18    0.000    0.000    0.000    0.000 __init__.py:273(to_unicode)
       18    0.000    0.000    0.000    0.000 __init__.py:287(_safe_unicode)
       18    0.000    0.000    0.000    0.000 __init__.py:321(getMessage)
       18    0.000    0.000    0.000    0.000 __init__.py:487(formatTime)
       27    0.000    0.000    0.000    0.000 __init__.py:695(filter)
       36    0.000    0.000    0.000    0.000 __init__.py:799(acquire)
       36    0.000    0.000    0.000    0.000 __init__.py:806(release)
       18    0.000    0.000    0.000    0.000 __init__.py:819(format)
       18    0.000    0.000    0.001    0.000 __init__.py:842(handle)
       18    0.000    0.000    0.000    0.000 __init__.py:957(flush)
       18    0.000    0.000    0.001    0.000 __init__.py:968(emit)
      190    0.001    0.000    0.008    0.000 _methods.py:133(_std)
    50526    0.018    0.000    0.278    0.000 _methods.py:28(_amin)
   113403    0.050    0.000    1.000    0.000 _methods.py:31(_sum)
  2505615    3.947    0.000    4.263    0.000 _methods.py:43(_count_reduce_items)
  2505425    8.020    0.000   23.379    0.000 _methods.py:53(_mean)
      190    0.004    0.000    0.007    0.000 _methods.py:86(_var)
        1    0.000    0.000    0.000    0.000 _monitor.py:31(__init__)
        1    0.000    0.000    0.000    0.000 _monitor.py:48(exit)
        1    0.000    0.000    0.000    0.000 _monitor.py:95(report)
        6    0.000    0.000    0.000    0.000 _tqdm.py:101(release)
        6    0.000    0.000    0.000    0.000 _tqdm.py:105(__enter__)
        2    0.000    0.000    0.000    0.000 _tqdm.py:1075(close)
        6    0.000    0.000    0.000    0.000 _tqdm.py:108(__exit__)
        2    0.000    0.000    0.000    0.000 _tqdm.py:1094(fp_write)
        1    0.000    0.000    0.000    0.000 _tqdm.py:1115(<listcomp>)
        3    0.000    0.000    0.000    0.000 _tqdm.py:153(format_interval)
        1    0.000    0.000    0.000    0.000 _tqdm.py:174(status_printer)
        2    0.000    0.000    0.000    0.000 _tqdm.py:184(fp_write)
        2    0.000    0.000    0.000    0.000 _tqdm.py:190(print_status)
        2    0.000    0.000    0.000    0.000 _tqdm.py:197(format_meter)
        1    0.000    0.000    0.000    0.000 _tqdm.py:401(__new__)
        1    0.000    0.000    0.000    0.000 _tqdm.py:424(_get_free_pos)
        1    0.000    0.000    0.000    0.000 _tqdm.py:427(<genexpr>)
        1    0.000    0.000    0.000    0.000 _tqdm.py:431(_decr_instances)
        1    0.000    0.000    0.001    0.001 _tqdm.py:641(__init__)
        1    0.000    0.000    0.000    0.000 _tqdm.py:881(__del__)
        2    0.000    0.000    0.000    0.000 _tqdm.py:884(__repr__)
        2    0.000    0.000    0.000    0.000 _tqdm.py:893(_comparable)
        2    0.000    0.000    0.000    0.000 _tqdm.py:897(__hash__)
        2    0.000    0.000    0.000    0.000 _tqdm.py:900(__iter__)
        6    0.000    0.000    0.000    0.000 _tqdm.py:97(acquire)
        1    0.000    0.000    0.000    0.000 _utils.py:129(__eq__)
        1    0.000    0.000    0.000    0.000 _utils.py:142(_is_utf)
        1    0.000    0.000    0.000    0.000 _utils.py:156(_supports_unicode)
        1    0.000    0.000    0.000    0.000 _utils.py:163(_environ_cols_wrapper)
        1    0.000    0.000    0.001    0.001 _utils.py:215(_environ_cols_linux)
        1    0.000    0.000    0.000    0.000 _weakrefset.py:106(remove)
        3    0.000    0.000    0.000    0.000 _weakrefset.py:16(__init__)
        3    0.000    0.000    0.000    0.000 _weakrefset.py:20(__enter__)
        3    0.000    0.000    0.000    0.000 _weakrefset.py:26(__exit__)
        1    0.000    0.000    0.000    0.000 _weakrefset.py:36(__init__)
        1    0.000    0.000    0.000    0.000 _weakrefset.py:38(_remove)
        3    0.000    0.000    0.000    0.000 _weakrefset.py:52(_commit_removals)
        4    0.000    0.000    0.000    0.000 _weakrefset.py:58(__iter__)
        1    0.000    0.000    0.000    0.000 _weakrefset.py:67(__len__)
        2    0.000    0.000    0.000    0.000 _weakrefset.py:81(add)
      190    0.015    0.000    0.058    0.000 channel.py:151(__init__)
       10    0.001    0.000    0.059    0.006 channel.py:216(__init__)
    50526    0.116    0.000    0.116    0.000 channel.py:26(attenuation)
    50526    0.132    0.000    0.261    0.000 channel.py:61(get_shw)
        1    0.000    0.000    0.000    0.000 copyreg.py:96(_slotnames)
       10    0.000    0.000    0.001    0.000 devices.py:106(received_power_connected)
       10    0.000    0.000    0.007    0.001 devices.py:114(received_interference)
      570    0.035    0.000    1.665    0.003 devices.py:127(best_cell)
      570    0.000    0.000    0.000    0.000 devices.py:149(connect_to_cell)
    50526    0.168    0.000    0.555    0.000 devices.py:28(radiation_pattern)
      570    0.000    0.000    0.000    0.000 devices.py:38(__init__)
      570    0.000    0.000    0.001    0.000 devices.py:57(__init__)
    50526    0.182    0.000    0.190    0.000 devices.py:68(distance_to)
    50526    0.171    0.000    0.171    0.000 devices.py:75(angle_from)
    50526    0.317    0.000    1.637    0.000 devices.py:92(received_power)
      380    0.003    0.000    0.014    0.000 fftpack.py:198(ifft)
      380    0.001    0.000    0.010    0.000 fftpack.py:47(_raw_fft)
      380    0.000    0.000    0.000    0.000 fftpack.py:95(_unitary)
        1    0.000    0.000    0.000    0.000 format.py:172(_check_version)
        1    0.000    0.000    0.000    0.000 format.py:177(magic)
        1    0.000    0.000    0.000    0.000 format.py:224(dtype_to_descr)
        1    0.000    0.000    0.000    0.000 format.py:256(header_data_from_array_1_0)
        1    0.000    0.000    0.000    0.000 format.py:283(_write_array_header)
        1    0.000    0.000    0.000    0.000 format.py:432(_filter_header)
        1    0.000    0.000    0.000    0.000 format.py:527(write_array)
   113403    0.435    0.000    1.456    0.000 fromnumeric.py:1778(sum)
    50526    0.105    0.000    0.383    0.000 fromnumeric.py:2323(amin)
      380    0.001    0.000    0.002    0.000 function_base.py:13(_index_deprecate)
      380    0.005    0.000    0.011    0.000 function_base.py:25(linspace)
        9    0.000    0.000    0.000    0.000 genericpath.py:111(_splitext)
        9    0.000    0.000    0.000    0.000 handlers.py:177(shouldRollover)
        9    0.000    0.000    0.000    0.000 handlers.py:63(emit)
      380    0.001    0.000    0.001    0.000 helper.py:257(put_twiddle_factors)
      380    0.001    0.000    0.001    0.000 helper.py:283(pop_twiddle_factors)
      380    0.000    0.000    0.000    0.000 helper.py:311(_prune_cache)
        1    0.001    0.001  252.244  252.244 main.py:32(my_drop)
      570    0.002    0.000    1.678    0.003 network.py:125(connect_ue_to_best_cell)
        1    0.000    0.000    1.678    1.678 network.py:135(connect_all_ue)
        1    0.000    0.000    0.000    0.000 network.py:140(disconnect_all_ue)
        1    0.000    0.000    0.000    0.000 network.py:147(remove_all_ue)
        1    0.000    0.000    0.000    0.000 network.py:150(resource_reserve_all)
      570    0.002    0.000    0.002    0.000 network.py:164(get_cell)
      580    0.009    0.000    0.009    0.000 network.py:172(get_ue)
       57    0.000    0.000    0.000    0.000 network.py:42(resource_reserve)
    50526    0.027    0.000    0.027    0.000 network.py:67(get_cell)
        1    0.003    0.003    0.005    0.005 network.py:93(deploy_user_equipments)
        1    0.000    0.000    0.001    0.001 npyio.py:437(save)
      380    0.000    0.000    0.000    0.000 numeric.py:1917(isscalar)
      380    0.000    0.000    0.000    0.000 numeric.py:424(asarray)
  2506566    1.453    0.000    1.753    0.000 numeric.py:495(asanyarray)
  1134040    9.670    0.000  205.007    0.000 performance.py:104(shannon_att)
  1134040  118.047    0.000  118.047    0.000 performance.py:108(<listcomp>)
   567020   12.565    0.000  230.653    0.000 performance.py:132(throughput_noma)
       10    0.001    0.000    0.067    0.007 performance.py:16(sinr)
        1    0.000    0.000    0.000    0.000 performance.py:166(cdf_calc)
  1134040   17.605    0.000   17.605    0.000 performance.py:87(shannon)
        9    0.000    0.000    0.000    0.000 posixpath.py:115(splitext)
        9    0.000    0.000    0.000    0.000 posixpath.py:136(basename)
        9    0.000    0.000    0.000    0.000 posixpath.py:39(_get_sep)
        9    0.000    0.000    0.000    0.000 posixpath.py:50(normcase)
        9    0.000    0.000    0.000    0.000 process.py:137(name)
        9    0.000    0.000    0.000    0.000 process.py:35(current_process)
        1    0.000    0.000    0.000    0.000 py3k.py:32(asbytes)
        1    0.000    0.000    0.000    0.000 py3k.py:37(asstr)
        1    0.000    0.000    0.000    0.000 pytictoc.py:39(tic)
        1    0.000    0.000    0.000    0.000 pytictoc.py:43(toc)
       18    0.000    0.000    0.000    0.000 re.py:222(compile)
       18    0.000    0.000    0.000    0.000 re.py:278(_compile)
        1    0.000    0.000  253.927  253.927 simulator.py:36(run)
        1    0.000    0.000  253.931  253.931 simulator.py:80(run)
        1    0.000    0.000    0.000    0.000 threading.py:1022(join)
        1    0.000    0.000    0.000    0.000 threading.py:1060(_wait_for_tstate_lock)
        9    0.000    0.000    0.000    0.000 threading.py:1074(name)
        1    0.000    0.000    0.000    0.000 threading.py:1118(daemon)
        1    0.000    0.000    0.000    0.000 threading.py:1134(daemon)
       11    0.000    0.000    0.000    0.000 threading.py:1224(current_thread)
        2    0.000    0.000    0.000    0.000 threading.py:213(__init__)
        2    0.000    0.000    0.000    0.000 threading.py:237(__enter__)
        2    0.000    0.000    0.000    0.000 threading.py:240(__exit__)
        1    0.000    0.000    0.000    0.000 threading.py:246(_release_save)
        1    0.000    0.000    0.000    0.000 threading.py:249(_acquire_restore)
        2    0.000    0.000    0.000    0.000 threading.py:252(_is_owned)
        1    0.000    0.000    0.000    0.000 threading.py:261(wait)
        1    0.000    0.000    0.000    0.000 threading.py:332(notify)
        1    0.000    0.000    0.000    0.000 threading.py:355(notify_all)
        2    0.000    0.000    0.000    0.000 threading.py:496(__init__)
        4    0.000    0.000    0.000    0.000 threading.py:504(is_set)
        1    0.000    0.000    0.000    0.000 threading.py:510(set)
        1    0.000    0.000    0.000    0.000 threading.py:531(wait)
        1    0.000    0.000    0.000    0.000 threading.py:725(_newname)
        1    0.000    0.000    0.000    0.000 threading.py:755(__init__)
        1    0.000    0.000    0.000    0.000 threading.py:826(start)
        1    0.000    0.000    0.000    0.000 threading.py:964(_stop)
       18    0.000    0.000    0.000    0.000 tokenize.py:172(_compile)
        1    0.000    0.000    0.000    0.000 tokenize.py:226(__init__)
       18    0.000    0.000    0.000    0.000 tokenize.py:232(add_whitespace)
        1    0.000    0.000    0.000    0.000 tokenize.py:245(untokenize)
        1    0.000    0.000    0.000    0.000 tokenize.py:319(untokenize)
       20    0.000    0.000    0.000    0.000 tokenize.py:494(_tokenize)
        1    0.000    0.000    0.000    0.000 tokenize.py:712(generate_tokens)
       20    0.000    0.000    0.000    0.000 uppa.py:100(<lambda>)
   567020    2.741    0.000    7.570    0.000 uppa.py:111(power_allocation)
       20    0.000    0.000    0.000    0.000 uppa.py:126(band_allocation)
        4    0.045    0.011  252.157   63.039 uppa.py:136(uppa)
       10    0.000    0.000    0.000    0.000 uppa.py:16(__init__)
   247020    0.229    0.000    0.229    0.000 uppa.py:24(__init__)
   247005    0.287    0.000    5.037    0.000 uppa.py:30(__str__)
        1    0.000    0.000    0.000    0.000 uppa.py:37(__init__)
   133606    0.559    0.000    4.077    0.000 uppa.py:41(available_pairs)
   310330    0.136    0.000    2.986    0.000 uppa.py:42(<lambda>)
 133606/1    0.638    0.000   11.216   11.216 uppa.py:52(all_branchs)
        1    1.165    1.165  252.110  252.110 uppa.py:69(search_best_pairs)
        4    0.000    0.000  252.110   63.027 uppa.py:86(user_pair)
       10    0.000    0.000    0.000    0.000 uppa.py:96(<lambda>)
      570    0.000    0.000    0.000    0.000 utils.py:21(__init__)
       30    0.000    0.000    0.000    0.000 utils.py:76(dbm2watts)
       10    0.000    0.000    0.000    0.000 utils.py:84(get_bs_id)
       10    0.000    0.000    0.000    0.000 utils.py:88(bsid2index)
       10    0.000    0.000    0.000    0.000 utils.py:92(ids2index)
       20    0.000    0.000    0.000    0.000 {built-in method __new__ of type object at 0xa3ee00}
        5    0.000    0.000    0.000    0.000 {built-in method _imp.acquire_lock}
        2    0.000    0.000    0.000    0.000 {built-in method _imp.create_builtin}
        1    0.000    0.000    0.000    0.000 {built-in method _imp.create_dynamic}
        2    0.000    0.000    0.000    0.000 {built-in method _imp.exec_builtin}
        1    0.000    0.000    0.000    0.000 {built-in method _imp.exec_dynamic}
        3    0.000    0.000    0.000    0.000 {built-in method _imp.is_builtin}
        1    0.000    0.000    0.000    0.000 {built-in method _imp.is_frozen}
        8    0.000    0.000    0.000    0.000 {built-in method _imp.release_lock}
      380    0.000    0.000    0.000    0.000 {built-in method _operator.index}
        1    0.000    0.000    0.000    0.000 {built-in method _pickle.dump}
        2    0.000    0.000    0.000    0.000 {built-in method _struct.calcsize}
        1    0.000    0.000    0.000    0.000 {built-in method _struct.pack}
        9    0.000    0.000    0.000    0.000 {built-in method _thread.allocate_lock}
       26    0.000    0.000    0.000    0.000 {built-in method _thread.get_ident}
        1    0.000    0.000    0.000    0.000 {built-in method _thread.start_new_thread}
      190    0.001    0.000    0.001    0.000 {built-in method _warnings.warn}
   161929    0.016    0.000    0.016    0.000 {built-in method builtins.abs}
        3    0.000    0.000    0.000    0.000 {built-in method builtins.any}
        2    0.000    0.000    0.000    0.000 {built-in method builtins.chr}
        8    0.000    0.000    0.000    0.000 {built-in method builtins.divmod}
        1    0.000    0.000  253.931  253.931 {built-in method builtins.exec}
       17    0.000    0.000    0.000    0.000 {built-in method builtins.getattr}
  2505861    0.459    0.000    0.459    0.000 {built-in method builtins.hasattr}
        2    0.000    0.000    0.000    0.000 {built-in method builtins.id}
  5125464    0.801    0.000    0.801    0.000 {built-in method builtins.isinstance}
  5011230    0.649    0.000    0.649    0.000 {built-in method builtins.issubclass}
        1    0.000    0.000    0.000    0.000 {built-in method builtins.iter}
   135430    0.023    0.000    0.023    0.000 {built-in method builtins.len}
      198    0.000    0.000    0.000    0.000 {built-in method builtins.max}
        1    0.000    0.000    0.000    0.000 {built-in method builtins.min}
   133607    1.253    0.000    6.290    0.000 {built-in method builtins.print}
        3    0.000    0.000    0.000    0.000 {built-in method builtins.repr}
   101242    0.129    0.000    0.129    0.000 {built-in method builtins.round}
        1    0.000    0.000    0.000    0.000 {built-in method builtins.sorted}
        1    0.000    0.000    0.000    0.000 {built-in method fcntl.ioctl}
        1    0.000    0.000    0.000    0.000 {built-in method io.open}
      380    0.001    0.000    0.001    0.000 {built-in method numpy.core.multiarray.arange}
  3641376   59.986    0.000   59.986    0.000 {built-in method numpy.core.multiarray.array}
      760    0.002    0.000    0.002    0.000 {built-in method numpy.core.multiarray.concatenate}
      380    0.000    0.000    0.000    0.000 {built-in method numpy.core.multiarray.result_type}
      200    0.000    0.000    0.000    0.000 {built-in method numpy.core.multiarray.zeros}
      380    0.006    0.000    0.006    0.000 {built-in method numpy.fft.fftpack_lite.cfftb}
        1    0.000    0.000    0.000    0.000 {built-in method numpy.fft.fftpack_lite.cffti}
        9    0.000    0.000    0.000    0.000 {built-in method posix.getpid}
        5    0.000    0.000    0.000    0.000 {built-in method posix.stat}
        9    0.000    0.000    0.000    0.000 {built-in method sys._getframe}
       18    0.000    0.000    0.000    0.000 {built-in method time.localtime}
        2    0.000    0.000    0.000    0.000 {built-in method time.perf_counter}
       18    0.000    0.000    0.000    0.000 {built-in method time.strftime}
       13    0.000    0.000    0.000    0.000 {built-in method time.time}
        2    0.000    0.000    0.000    0.000 {method '__enter__' of '_thread.lock' objects}
        2    0.000    0.000    0.000    0.000 {method '__exit__' of '_thread.lock' objects}
        6    0.000    0.000    0.000    0.000 {method 'acquire' of '_multiprocessing.SemLock' objects}
       42    0.000    0.000    0.000    0.000 {method 'acquire' of '_thread.RLock' objects}
        6    0.000    0.000    0.000    0.000 {method 'acquire' of '_thread.lock' objects}
        5    0.000    0.000    0.000    0.000 {method 'add' of 'set' objects}
        1    0.000    0.000    0.000    0.000 {method 'append' of 'collections.deque' objects}
  2311012    0.334    0.000    0.334    0.000 {method 'append' of 'list' objects}
      380    0.000    0.000    0.000    0.000 {method 'astype' of 'numpy.ndarray' objects}
        1    0.000    0.000    0.000    0.000 {method 'close' of '_io.BufferedWriter' objects}
      380    0.000    0.000    0.000    0.000 {method 'conj' of 'numpy.ndarray' objects}
        1    0.000    0.000    0.000    0.000 {method 'copy' of 'dict' objects}
   360406    0.056    0.000    0.056    0.000 {method 'copy' of 'list' objects}
      190    0.000    0.000    0.000    0.000 {method 'copy' of 'numpy.ndarray' objects}
        1    0.000    0.000    0.000    0.000 {method 'difference' of 'set' objects}
        1    0.000    0.000    0.000    0.000 {method 'disable' of '_lsprof.Profiler' objects}
        1    0.000    0.000    0.000    0.000 {method 'discard' of 'set' objects}
        2    0.000    0.000    0.000    0.000 {method 'encode' of 'str' objects}
        3    0.000    0.000    0.000    0.000 {method 'endswith' of 'str' objects}
       20    0.000    0.000    0.000    0.000 {method 'flush' of '_io.TextIOWrapper' objects}
   247220    0.700    0.000    0.700    0.000 {method 'format' of 'str' objects}
       27    0.000    0.000    0.000    0.000 {method 'get' of 'dict' objects}
        1    0.000    0.000    0.000    0.000 {method 'get' of 'mappingproxy' objects}
       12    0.000    0.000    0.000    0.000 {method 'isidentifier' of 'str' objects}
        2    0.000    0.000    0.000    0.000 {method 'items' of 'dict' objects}
       18    0.000    0.000    0.000    0.000 {method 'join' of 'str' objects}
        1    0.000    0.000    0.000    0.000 {method 'locked' of '_thread.lock' objects}
       18    0.000    0.000    0.000    0.000 {method 'match' of '_sre.SRE_Pattern' objects}
  2505425    1.240    0.000   24.619    0.000 {method 'mean' of 'numpy.ndarray' objects}
      760    0.003    0.000    0.003    0.000 {method 'normal' of 'mtrand.RandomState' objects}
      759    0.000    0.000    0.000    0.000 {method 'pop' of 'collections.OrderedDict' objects}
        2    0.000    0.000    0.000    0.000 {method 'pop' of 'dict' objects}
   247394    0.034    0.000    0.034    0.000 {method 'pop' of 'list' objects}
       12    0.000    0.000    0.000    0.000 {method 'randint' of 'mtrand.RandomState' objects}
        2    0.000    0.000    0.000    0.000 {method 'readline' of '_io.StringIO' objects}
  2669734    8.986    0.000    8.986    0.000 {method 'reduce' of 'numpy.ufunc' objects}
        6    0.000    0.000    0.000    0.000 {method 'release' of '_multiprocessing.SemLock' objects}
       42    0.000    0.000    0.000    0.000 {method 'release' of '_thread.RLock' objects}
        3    0.000    0.000    0.000    0.000 {method 'release' of '_thread.lock' objects}
        1    0.000    0.000    0.000    0.000 {method 'remove' of 'collections.deque' objects}
   494010    0.088    0.000    0.088    0.000 {method 'remove' of 'list' objects}
        4    0.000    0.000    0.000    0.000 {method 'remove' of 'set' objects}
       18    0.000    0.000    0.000    0.000 {method 'replace' of 'str' objects}
       27    0.000    0.000    0.000    0.000 {method 'rfind' of 'str' objects}
       10    0.000    0.000    0.000    0.000 {method 'rpartition' of 'str' objects}
       32    0.000    0.000    0.000    0.000 {method 'rstrip' of 'str' objects}
   133613    0.242    0.000    3.228    0.000 {method 'sort' of 'list' objects}
       18    0.000    0.000    0.000    0.000 {method 'span' of '_sre.SRE_Match' objects}
      190    0.000    0.000    0.008    0.000 {method 'std' of 'numpy.ndarray' objects}
      722    0.001    0.000    0.001    0.000 {method 'uniform' of 'mtrand.RandomState' objects}
        2    0.000    0.000    0.000    0.000 {method 'write' of '_io.BufferedWriter' objects}
       40    0.000    0.000    0.000    0.000 {method 'write' of '_io.TextIOWrapper' objects}