[I 180508 21:44:23 coeff_pw_4:21] NOMA system level simulation starting
[I 180508 21:44:23 simulator:132] Creating grid with 19 sites
[I 180508 21:44:23 simulator:134] Deploing base stations on grid
[I 180508 21:44:23 simulator:136] Starting all base stations
[I 180508 21:44:23 simulator:138] Create snapshot simulation
[I 180508 21:44:23 simulator:143] Running simulation
[I 180508 22:39:45 simulator:156] Saving data file
[I 180508 22:39:45 simulator:165] Files saved: 
[I 180508 22:39:45 simulator:166] ./output/dat/noma_2ue_coeff_0.4
[I 180508 22:39:45 simulator:167] ./output/dat/oma_2ue_coeff_0.4
[I 180508 22:39:45 simulator:168] Parameters used in simulation:
[I 180508 22:39:45 simulator:173] n_snap: 10000
[I 180508 22:39:45 simulator:173] coeff_pwr: 0.4
[I 180508 22:39:45 simulator:173] filename: 2ue_coeff_0.4
[I 180508 22:39:45 simulator:173] thr_target: 80000000.0
[I 180508 22:39:45 simulator:173] coeff_bw: 0.4
[I 180508 22:39:45 simulator:173] n_cdf_arg: 2
[I 180508 22:39:45 simulator:173] n_ue_cell: 2
[I 180508 22:39:45 simulator:174] Finished Simulation
[I 180508 22:56:57 coeff_pw_4:21] NOMA system level simulation starting
[I 180508 22:56:57 simulator:132] Creating grid with 19 sites
[I 180508 22:56:57 simulator:134] Deploing base stations on grid
[I 180508 22:56:57 simulator:136] Starting all base stations
[I 180508 22:56:57 simulator:138] Create snapshot simulation
[I 180508 22:56:57 simulator:143] Running simulation
[I 180508 22:57:17 simulator:156] Saving data file
[I 180508 22:57:17 simulator:165] Files saved: 
[I 180508 22:57:17 simulator:166] ./output/dat/noma_2ue_coeff_0.4
[I 180508 22:57:17 simulator:167] ./output/dat/oma_2ue_coeff_0.4
[I 180508 22:57:17 simulator:168] Parameters used in the simulation:
[I 180508 22:57:17 simulator:173] thr_target: 80000000.0
[I 180508 22:57:17 simulator:173] coeff_pwr: 0.4
[I 180508 22:57:17 simulator:173] n_cdf_arg: 2
[I 180508 22:57:17 simulator:173] coeff_bw: 0.4
[I 180508 22:57:17 simulator:173] n_snap: 100
[I 180508 22:57:17 simulator:173] filename: 2ue_coeff_0.4
[I 180508 22:57:17 simulator:173] n_ue_cell: 2
[I 180508 22:57:17 simulator:174] Finished Simulation
[I 180508 23:03:41 coeff_pw_4:21] NOMA system level simulation starting
[I 180508 23:03:41 simulator:132] Creating grid with 19 sites
[I 180508 23:03:41 simulator:134] Deploing base stations on grid
[I 180508 23:03:41 simulator:136] Starting all base stations
[I 180508 23:03:41 simulator:138] Create snapshot simulation
[I 180508 23:03:41 simulator:143] Running simulation
[I 180509 00:01:56 simulator:156] Saving data file
[I 180509 00:01:56 simulator:165] Files saved: 
[I 180509 00:01:56 simulator:166] ./output/dat/noma_2ue_coeff_0.4
[I 180509 00:01:56 simulator:167] ./output/dat/oma_2ue_coeff_0.4
[I 180509 00:01:56 simulator:168] Parameters used in the simulation:
[I 180509 00:01:56 simulator:173] n_snap: 10000
[I 180509 00:01:56 simulator:173] thr_target: 80000000.0
[I 180509 00:01:56 simulator:173] filename: 2ue_coeff_0.4
[I 180509 00:01:56 simulator:173] n_ue_cell: 2
[I 180509 00:01:56 simulator:173] coeff_bw: 0.4
[I 180509 00:01:56 simulator:173] n_cdf_arg: 2
[I 180509 00:01:56 simulator:173] coeff_pwr: 0.4
[I 180509 00:01:56 simulator:174] Finished Simulation
