[I 180629 09:06:17 fair20:27] NOMA system level simulation starting
[I 180629 09:06:17 simulator:70] Creating grid with 19 sites
[I 180629 09:06:17 simulator:72] Deploing base stations on grid
[I 180629 09:06:17 simulator:74] Starting all base stations
[I 180629 09:06:17 simulator:76] Create snapshot simulation
[I 180629 09:06:17 simulator:83] Parameters used in the simulation:
[I 180629 09:06:17 simulator:88] filename: fair20
[I 180629 09:06:17 simulator:88] n_snap: 100
[I 180629 09:06:17 simulator:88] n_ue_cell: 20
[I 180629 09:06:17 simulator:90] Running simulation
[I 180629 09:12:31 simulator:99] Saving data file
[I 180629 09:12:31 simulator:106] File saved:
[I 180629 09:12:31 simulator:107] ./output/dat/simul_fair20
[I 180629 09:12:31 simulator:108] Finished Simulation
[I 180629 09:44:58 fair20:27] NOMA system level simulation starting
[I 180629 09:44:58 simulator:70] Creating grid with 19 sites
[I 180629 09:44:58 simulator:72] Deploing base stations on grid
[I 180629 09:44:58 simulator:74] Starting all base stations
[I 180629 09:44:58 simulator:76] Create snapshot simulation
[I 180629 09:44:58 simulator:83] Parameters used in the simulation:
[I 180629 09:44:58 simulator:88] n_snap: 100
[I 180629 09:44:58 simulator:88] n_ue_cell: 20
[I 180629 09:44:58 simulator:88] filename: fair20
[I 180629 09:44:58 simulator:90] Running simulation
[I 180629 09:49:36 simulator:99] Saving data file
[I 180629 09:49:36 simulator:106] File saved:
[I 180629 09:49:36 simulator:107] ./output/dat/simul_fair20
[I 180629 09:49:36 simulator:108] Finished Simulation
[I 180629 09:53:34 fair20:27] NOMA system level simulation starting
[I 180629 09:53:34 simulator:70] Creating grid with 19 sites
[I 180629 09:53:34 simulator:72] Deploing base stations on grid
[I 180629 09:53:34 simulator:74] Starting all base stations
[I 180629 09:53:34 simulator:76] Create snapshot simulation
[I 180629 09:53:34 simulator:83] Parameters used in the simulation:
[I 180629 09:53:34 simulator:88] filename: fair20
[I 180629 09:53:34 simulator:88] n_ue_cell: 20
[I 180629 09:53:34 simulator:88] n_snap: 100
[I 180629 09:53:34 simulator:90] Running simulation
[I 180629 09:59:40 simulator:99] Saving data file
[I 180629 09:59:40 simulator:106] File saved:
[I 180629 09:59:40 simulator:107] ./output/dat/simul_fair20
[I 180629 09:59:40 simulator:108] Finished Simulation
